2025-10-24 16:17:00,185 [Worker-6: Loading available Gradle versions] INFO  o.e.b.c.i.u.g.PublishedGradleVersions - Gradle version information cache is out-of-date. Trying to update.
2025-10-24 16:17:49,697 [Worker-23: Importing Maven projects] INFO  o.e.m.c.i.l.LifecycleMappingFactory - Using org.eclipse.m2e.jdt.JarLifecycleMapping lifecycle mapping for MavenProject: com.klef.devops:BACKEND:0.0.1-SNAPSHOT @ C:\ExamSpringboot\BACKEND\pom.xml.
2025-10-24 16:17:56,383 [Worker-23: Importing Maven projects] INFO  o.e.m.j.i.AbstractJavaProjectConfigurator - Adding source folder /BACKEND/src/main/java
2025-10-24 16:17:56,388 [Worker-23: Importing Maven projects] INFO  o.e.m.j.i.AbstractJavaProjectConfigurator - Adding resource folder /BACKEND/src/main/resources
2025-10-24 16:17:56,415 [Worker-23: Importing Maven projects] INFO  o.e.m.j.i.AbstractJavaProjectConfigurator - Adding resource folder /BACKEND/src/main/resources
2025-10-24 16:17:56,444 [Worker-23: Importing Maven projects] INFO  o.e.m.j.i.AbstractJavaProjectConfigurator - Adding source folder /BACKEND/src/test/java
2025-10-24 16:17:56,446 [Worker-23: Importing Maven projects] INFO  o.e.m.j.i.AbstractJavaProjectConfigurator - Adding resource folder /BACKEND/src/test/resources
2025-10-24 16:17:58,561 [Worker-23: Importing Maven projects] INFO  o.e.m.c.i.p.ProjectConfigurationManager - Imported and configured 1 project(s) in 18 sec
2025-10-24 16:18:01,047 [Worker-11: Building] INFO  o.a.m.s.f.DefaultMavenResourcesFiltering - Copying 1 resource from src\main\resources to target\classes
2025-10-24 16:18:01,119 [Worker-11: Building] INFO  o.a.m.s.f.DefaultMavenResourcesFiltering - Copying 0 resource from src\main\resources to target\classes
2025-10-24 16:18:01,132 [Worker-11: Building] INFO  o.a.m.s.f.DefaultMavenResourcesFiltering - skip non existing resourceDirectory C:\ExamSpringboot\BACKEND\src\test\resources
2025-10-24 16:21:29,929 [Worker-33: Launching BACKEND - BackendApplication] INFO  o.e.m.c.i.l.LifecycleMappingFactory - Using org.maven.ide.eclipse.wtp.WarLifecycleMapping lifecycle mapping for MavenProject: com.klef.devops:BACKEND:0.0.1-SNAPSHOT @ C:\ExamSpringboot\BACKEND\pom.xml.
2025-10-24 16:21:37,296 [Worker-33: Launching BACKEND - BackendApplication] INFO  o.a.m.s.f.DefaultMavenResourcesFiltering - Copying 0 resource from src\main\resources to target\classes
2025-10-24 16:21:37,298 [Worker-33: Launching BACKEND - BackendApplication] INFO  o.a.m.s.f.DefaultMavenResourcesFiltering - Copying 0 resource from src\main\resources to target\classes
2025-10-24 16:21:37,308 [Worker-33: Launching BACKEND - BackendApplication] INFO  o.a.m.s.f.DefaultMavenResourcesFiltering - skip non existing resourceDirectory C:\ExamSpringboot\BACKEND\src\test\resources
2025-10-24 16:21:37,317 [Worker-33: Launching BACKEND - BackendApplication] INFO  o.e.m.w.i.f.ResourceFilteringBuildParticipant - Changed resources require a complete clean of filtered resources of BACKEND
2025-10-24 16:21:37,320 [Worker-33: Launching BACKEND - BackendApplication] INFO  o.e.m.w.i.f.ResourceFilteringBuildParticipant - Executing resource filtering for BACKEND
2025-10-24 16:21:37,602 [Worker-14: Updating Maven Project] INFO  o.e.m.c.i.p.ProjectConfigurationManager - Update started
2025-10-24 16:21:40,025 [Worker-14: Updating Maven Project] INFO  o.e.m.c.i.l.LifecycleMappingFactory - Using org.maven.ide.eclipse.wtp.WarLifecycleMapping lifecycle mapping for MavenProject: com.klef.devops:BACKEND:0.0.1-SNAPSHOT @ C:\ExamSpringboot\BACKEND\pom.xml.
2025-10-24 16:21:42,667 [Worker-14: Updating Maven Project] INFO  o.e.m.j.i.AbstractJavaProjectConfigurator - Adding source folder /BACKEND/src/main/java
2025-10-24 16:21:42,668 [Worker-14: Updating Maven Project] INFO  o.e.m.j.i.AbstractJavaProjectConfigurator - Adding resource folder /BACKEND/src/main/resources
2025-10-24 16:21:42,670 [Worker-14: Updating Maven Project] INFO  o.e.m.j.i.AbstractJavaProjectConfigurator - Adding resource folder /BACKEND/src/main/resources
2025-10-24 16:21:42,670 [Worker-14: Updating Maven Project] INFO  o.e.m.j.i.AbstractJavaProjectConfigurator - Adding source folder /BACKEND/src/test/java
2025-10-24 16:21:42,672 [Worker-14: Updating Maven Project] INFO  o.e.m.j.i.AbstractJavaProjectConfigurator - Adding resource folder /BACKEND/src/test/resources
2025-10-24 16:21:47,601 [Worker-14: Updating Maven Project] INFO  o.e.m.w.i.f.ResourceFilteringBuildParticipant - Cleaning filtered folder for BACKEND
2025-10-24 16:21:48,449 [Worker-14: Updating Maven Project] INFO  o.e.m.c.i.p.ProjectConfigurationManager - Update completed for 1 poms: local refresh takes 0.00 sec, refresh facades takes 4.00 sec, update config takes 4.00 sec 
2025-10-24 16:21:49,527 [Worker-23: Building] INFO  o.a.m.s.f.DefaultMavenResourcesFiltering - Copying 1 resource from src\main\resources to target\classes
2025-10-24 16:21:49,570 [Worker-23: Building] INFO  o.a.m.s.f.DefaultMavenResourcesFiltering - Copying 0 resource from src\main\resources to target\classes
2025-10-24 16:21:49,581 [Worker-23: Building] INFO  o.a.m.s.f.DefaultMavenResourcesFiltering - skip non existing resourceDirectory C:\ExamSpringboot\BACKEND\src\test\resources
2025-10-24 16:21:49,582 [Worker-23: Building] INFO  o.e.m.w.i.f.ResourceFilteringBuildParticipant - Changed resources require a complete clean of filtered resources of BACKEND
2025-10-24 16:21:49,582 [Worker-23: Building] INFO  o.e.m.w.i.f.ResourceFilteringBuildParticipant - Executing resource filtering for BACKEND
2025-10-24 16:31:34,552 [Worker-33: Launching Executing clean in C__ExamSpringboot_BACKEND] INFO  o.eclipse.m2e.core.internal.Bundles - getClasspathEntries(Bundle=org.eclipse.m2e.maven.runtime_3.9.900.20240824-1409 [642])
2025-10-24 16:31:34,556 [Worker-33: Launching Executing clean in C__ExamSpringboot_BACKEND] INFO  o.eclipse.m2e.core.internal.Bundles - 	Entry: C:\Users\hemac\.p2\pool\plugins\org.eclipse.m2e.maven.runtime_3.9.900.20240824-1409
2025-10-24 16:31:34,557 [Worker-33: Launching Executing clean in C__ExamSpringboot_BACKEND] INFO  o.eclipse.m2e.core.internal.Bundles - 	Entry: C:\Users\hemac\.p2\pool\plugins\org.eclipse.m2e.maven.runtime_3.9.900.20240824-1409\jars\aopalliance-1.0.jar
2025-10-24 16:31:34,557 [Worker-33: Launching Executing clean in C__ExamSpringboot_BACKEND] INFO  o.eclipse.m2e.core.internal.Bundles - 	Entry: C:\Users\hemac\.p2\pool\plugins\org.eclipse.m2e.maven.runtime_3.9.900.20240824-1409\jars\guice-5.1.0.jar
2025-10-24 16:31:34,558 [Worker-33: Launching Executing clean in C__ExamSpringboot_BACKEND] INFO  o.eclipse.m2e.core.internal.Bundles - 	Entry: C:\Users\hemac\.p2\pool\plugins\org.eclipse.m2e.maven.runtime_3.9.900.20240824-1409\jars\httpclient-4.5.14.jar
2025-10-24 16:31:34,559 [Worker-33: Launching Executing clean in C__ExamSpringboot_BACKEND] INFO  o.eclipse.m2e.core.internal.Bundles - 	Entry: C:\Users\hemac\.p2\pool\plugins\org.eclipse.m2e.maven.runtime_3.9.900.20240824-1409\jars\httpcore-4.4.16.jar
2025-10-24 16:31:34,559 [Worker-33: Launching Executing clean in C__ExamSpringboot_BACKEND] INFO  o.eclipse.m2e.core.internal.Bundles - 	Entry: C:\Users\hemac\.p2\pool\plugins\org.eclipse.m2e.maven.runtime_3.9.900.20240824-1409\jars\jansi-2.4.1.jar
2025-10-24 16:31:34,559 [Worker-33: Launching Executing clean in C__ExamSpringboot_BACKEND] INFO  o.eclipse.m2e.core.internal.Bundles - 	Entry: C:\Users\hemac\.p2\pool\plugins\org.eclipse.m2e.maven.runtime_3.9.900.20240824-1409\jars\jcl-over-slf4j-1.7.36.jar
2025-10-24 16:31:34,560 [Worker-33: Launching Executing clean in C__ExamSpringboot_BACKEND] INFO  o.eclipse.m2e.core.internal.Bundles - 	Entry: C:\Users\hemac\.p2\pool\plugins\org.eclipse.m2e.maven.runtime_3.9.900.20240824-1409\jars\maven-artifact-3.9.9.jar
2025-10-24 16:31:34,560 [Worker-33: Launching Executing clean in C__ExamSpringboot_BACKEND] INFO  o.eclipse.m2e.core.internal.Bundles - 	Entry: C:\Users\hemac\.p2\pool\plugins\org.eclipse.m2e.maven.runtime_3.9.900.20240824-1409\jars\maven-builder-support-3.9.9.jar
2025-10-24 16:31:34,561 [Worker-33: Launching Executing clean in C__ExamSpringboot_BACKEND] INFO  o.eclipse.m2e.core.internal.Bundles - 	Entry: C:\Users\hemac\.p2\pool\plugins\org.eclipse.m2e.maven.runtime_3.9.900.20240824-1409\jars\maven-compat-3.9.9.jar
2025-10-24 16:31:34,562 [Worker-33: Launching Executing clean in C__ExamSpringboot_BACKEND] INFO  o.eclipse.m2e.core.internal.Bundles - 	Entry: C:\Users\hemac\.p2\pool\plugins\org.eclipse.m2e.maven.runtime_3.9.900.20240824-1409\jars\maven-core-3.9.9.jar
2025-10-24 16:31:34,562 [Worker-33: Launching Executing clean in C__ExamSpringboot_BACKEND] INFO  o.eclipse.m2e.core.internal.Bundles - 	Entry: C:\Users\hemac\.p2\pool\plugins\org.eclipse.m2e.maven.runtime_3.9.900.20240824-1409\jars\maven-embedder-3.9.9.jar
2025-10-24 16:31:34,563 [Worker-33: Launching Executing clean in C__ExamSpringboot_BACKEND] INFO  o.eclipse.m2e.core.internal.Bundles - 	Entry: C:\Users\hemac\.p2\pool\plugins\org.eclipse.m2e.maven.runtime_3.9.900.20240824-1409\jars\maven-model-3.9.9.jar
2025-10-24 16:31:34,564 [Worker-33: Launching Executing clean in C__ExamSpringboot_BACKEND] INFO  o.eclipse.m2e.core.internal.Bundles - 	Entry: C:\Users\hemac\.p2\pool\plugins\org.eclipse.m2e.maven.runtime_3.9.900.20240824-1409\jars\maven-model-builder-3.9.9.jar
2025-10-24 16:31:34,564 [Worker-33: Launching Executing clean in C__ExamSpringboot_BACKEND] INFO  o.eclipse.m2e.core.internal.Bundles - 	Entry: C:\Users\hemac\.p2\pool\plugins\org.eclipse.m2e.maven.runtime_3.9.900.20240824-1409\jars\maven-plugin-api-3.9.9.jar
2025-10-24 16:31:34,564 [Worker-33: Launching Executing clean in C__ExamSpringboot_BACKEND] INFO  o.eclipse.m2e.core.internal.Bundles - 	Entry: C:\Users\hemac\.p2\pool\plugins\org.eclipse.m2e.maven.runtime_3.9.900.20240824-1409\jars\maven-repository-metadata-3.9.9.jar
2025-10-24 16:31:34,565 [Worker-33: Launching Executing clean in C__ExamSpringboot_BACKEND] INFO  o.eclipse.m2e.core.internal.Bundles - 	Entry: C:\Users\hemac\.p2\pool\plugins\org.eclipse.m2e.maven.runtime_3.9.900.20240824-1409\jars\maven-resolver-api-1.9.22.jar
2025-10-24 16:31:34,565 [Worker-33: Launching Executing clean in C__ExamSpringboot_BACKEND] INFO  o.eclipse.m2e.core.internal.Bundles - 	Entry: C:\Users\hemac\.p2\pool\plugins\org.eclipse.m2e.maven.runtime_3.9.900.20240824-1409\jars\maven-resolver-connector-basic-1.9.22.jar
2025-10-24 16:31:34,566 [Worker-33: Launching Executing clean in C__ExamSpringboot_BACKEND] INFO  o.eclipse.m2e.core.internal.Bundles - 	Entry: C:\Users\hemac\.p2\pool\plugins\org.eclipse.m2e.maven.runtime_3.9.900.20240824-1409\jars\maven-resolver-impl-1.9.22.jar
2025-10-24 16:31:34,566 [Worker-33: Launching Executing clean in C__ExamSpringboot_BACKEND] INFO  o.eclipse.m2e.core.internal.Bundles - 	Entry: C:\Users\hemac\.p2\pool\plugins\org.eclipse.m2e.maven.runtime_3.9.900.20240824-1409\jars\maven-resolver-named-locks-1.9.22.jar
2025-10-24 16:31:34,567 [Worker-33: Launching Executing clean in C__ExamSpringboot_BACKEND] INFO  o.eclipse.m2e.core.internal.Bundles - 	Entry: C:\Users\hemac\.p2\pool\plugins\org.eclipse.m2e.maven.runtime_3.9.900.20240824-1409\jars\maven-resolver-provider-3.9.9.jar
2025-10-24 16:31:34,568 [Worker-33: Launching Executing clean in C__ExamSpringboot_BACKEND] INFO  o.eclipse.m2e.core.internal.Bundles - 	Entry: C:\Users\hemac\.p2\pool\plugins\org.eclipse.m2e.maven.runtime_3.9.900.20240824-1409\jars\maven-resolver-spi-1.9.22.jar
2025-10-24 16:31:34,569 [Worker-33: Launching Executing clean in C__ExamSpringboot_BACKEND] INFO  o.eclipse.m2e.core.internal.Bundles - 	Entry: C:\Users\hemac\.p2\pool\plugins\org.eclipse.m2e.maven.runtime_3.9.900.20240824-1409\jars\maven-resolver-transport-file-1.9.22.jar
2025-10-24 16:31:34,569 [Worker-33: Launching Executing clean in C__ExamSpringboot_BACKEND] INFO  o.eclipse.m2e.core.internal.Bundles - 	Entry: C:\Users\hemac\.p2\pool\plugins\org.eclipse.m2e.maven.runtime_3.9.900.20240824-1409\jars\maven-resolver-transport-http-1.9.22.jar
2025-10-24 16:31:34,570 [Worker-33: Launching Executing clean in C__ExamSpringboot_BACKEND] INFO  o.eclipse.m2e.core.internal.Bundles - 	Entry: C:\Users\hemac\.p2\pool\plugins\org.eclipse.m2e.maven.runtime_3.9.900.20240824-1409\jars\maven-resolver-transport-wagon-1.9.22.jar
2025-10-24 16:31:34,570 [Worker-33: Launching Executing clean in C__ExamSpringboot_BACKEND] INFO  o.eclipse.m2e.core.internal.Bundles - 	Entry: C:\Users\hemac\.p2\pool\plugins\org.eclipse.m2e.maven.runtime_3.9.900.20240824-1409\jars\maven-resolver-util-1.9.22.jar
2025-10-24 16:31:34,570 [Worker-33: Launching Executing clean in C__ExamSpringboot_BACKEND] INFO  o.eclipse.m2e.core.internal.Bundles - 	Entry: C:\Users\hemac\.p2\pool\plugins\org.eclipse.m2e.maven.runtime_3.9.900.20240824-1409\jars\maven-settings-3.9.9.jar
2025-10-24 16:31:34,572 [Worker-33: Launching Executing clean in C__ExamSpringboot_BACKEND] INFO  o.eclipse.m2e.core.internal.Bundles - 	Entry: C:\Users\hemac\.p2\pool\plugins\org.eclipse.m2e.maven.runtime_3.9.900.20240824-1409\jars\maven-settings-builder-3.9.9.jar
2025-10-24 16:31:34,573 [Worker-33: Launching Executing clean in C__ExamSpringboot_BACKEND] INFO  o.eclipse.m2e.core.internal.Bundles - 	Entry: C:\Users\hemac\.p2\pool\plugins\org.eclipse.m2e.maven.runtime_3.9.900.20240824-1409\jars\maven-shared-utils-3.4.2.jar
2025-10-24 16:31:34,574 [Worker-33: Launching Executing clean in C__ExamSpringboot_BACKEND] INFO  o.eclipse.m2e.core.internal.Bundles - 	Entry: C:\Users\hemac\.p2\pool\plugins\org.eclipse.m2e.maven.runtime_3.9.900.20240824-1409\jars\org.eclipse.sisu.inject-0.9.0.M3.jar
2025-10-24 16:31:34,574 [Worker-33: Launching Executing clean in C__ExamSpringboot_BACKEND] INFO  o.eclipse.m2e.core.internal.Bundles - 	Entry: C:\Users\hemac\.p2\pool\plugins\org.eclipse.m2e.maven.runtime_3.9.900.20240824-1409\jars\org.eclipse.sisu.plexus-0.9.0.M3.jar
2025-10-24 16:31:34,575 [Worker-33: Launching Executing clean in C__ExamSpringboot_BACKEND] INFO  o.eclipse.m2e.core.internal.Bundles - 	Entry: C:\Users\hemac\.p2\pool\plugins\org.eclipse.m2e.maven.runtime_3.9.900.20240824-1409\jars\plexus-build-api-0.0.7.jar
2025-10-24 16:31:34,575 [Worker-33: Launching Executing clean in C__ExamSpringboot_BACKEND] INFO  o.eclipse.m2e.core.internal.Bundles - 	Entry: C:\Users\hemac\.p2\pool\plugins\org.eclipse.m2e.maven.runtime_3.9.900.20240824-1409\jars\plexus-build-api-1.2.0.jar
2025-10-24 16:31:34,576 [Worker-33: Launching Executing clean in C__ExamSpringboot_BACKEND] INFO  o.eclipse.m2e.core.internal.Bundles - 	Entry: C:\Users\hemac\.p2\pool\plugins\org.eclipse.m2e.maven.runtime_3.9.900.20240824-1409\jars\plexus-cipher-2.0.jar
2025-10-24 16:31:34,577 [Worker-33: Launching Executing clean in C__ExamSpringboot_BACKEND] INFO  o.eclipse.m2e.core.internal.Bundles - 	Entry: C:\Users\hemac\.p2\pool\plugins\org.eclipse.m2e.maven.runtime_3.9.900.20240824-1409\jars\plexus-classworlds-2.8.0.jar
2025-10-24 16:31:34,578 [Worker-33: Launching Executing clean in C__ExamSpringboot_BACKEND] INFO  o.eclipse.m2e.core.internal.Bundles - 	Entry: C:\Users\hemac\.p2\pool\plugins\org.eclipse.m2e.maven.runtime_3.9.900.20240824-1409\jars\plexus-component-annotations-2.1.0.jar
2025-10-24 16:31:34,579 [Worker-33: Launching Executing clean in C__ExamSpringboot_BACKEND] INFO  o.eclipse.m2e.core.internal.Bundles - 	Entry: C:\Users\hemac\.p2\pool\plugins\org.eclipse.m2e.maven.runtime_3.9.900.20240824-1409\jars\plexus-interpolation-1.27.jar
2025-10-24 16:31:34,579 [Worker-33: Launching Executing clean in C__ExamSpringboot_BACKEND] INFO  o.eclipse.m2e.core.internal.Bundles - 	Entry: C:\Users\hemac\.p2\pool\plugins\org.eclipse.m2e.maven.runtime_3.9.900.20240824-1409\jars\plexus-sec-dispatcher-2.0.jar
2025-10-24 16:31:34,580 [Worker-33: Launching Executing clean in C__ExamSpringboot_BACKEND] INFO  o.eclipse.m2e.core.internal.Bundles - 	Entry: C:\Users\hemac\.p2\pool\plugins\org.eclipse.m2e.maven.runtime_3.9.900.20240824-1409\jars\plexus-utils-3.5.1.jar
2025-10-24 16:31:34,581 [Worker-33: Launching Executing clean in C__ExamSpringboot_BACKEND] INFO  o.eclipse.m2e.core.internal.Bundles - 	Entry: C:\Users\hemac\.p2\pool\plugins\org.eclipse.m2e.maven.runtime_3.9.900.20240824-1409\jars\plexus-xml-3.0.1.jar
2025-10-24 16:31:34,581 [Worker-33: Launching Executing clean in C__ExamSpringboot_BACKEND] INFO  o.eclipse.m2e.core.internal.Bundles - 	Entry: C:\Users\hemac\.p2\pool\plugins\org.eclipse.m2e.maven.runtime_3.9.900.20240824-1409\jars\wagon-file-3.5.3.jar
2025-10-24 16:31:34,581 [Worker-33: Launching Executing clean in C__ExamSpringboot_BACKEND] INFO  o.eclipse.m2e.core.internal.Bundles - 	Entry: C:\Users\hemac\.p2\pool\plugins\org.eclipse.m2e.maven.runtime_3.9.900.20240824-1409\jars\wagon-http-3.5.3.jar
2025-10-24 16:31:34,582 [Worker-33: Launching Executing clean in C__ExamSpringboot_BACKEND] INFO  o.eclipse.m2e.core.internal.Bundles - 	Entry: C:\Users\hemac\.p2\pool\plugins\org.eclipse.m2e.maven.runtime_3.9.900.20240824-1409\jars\wagon-http-shared-3.5.3.jar
2025-10-24 16:31:34,582 [Worker-33: Launching Executing clean in C__ExamSpringboot_BACKEND] INFO  o.eclipse.m2e.core.internal.Bundles - 	Entry: C:\Users\hemac\.p2\pool\plugins\org.eclipse.m2e.maven.runtime_3.9.900.20240824-1409\jars\wagon-provider-api-3.5.3.jar
2025-10-24 16:31:34,584 [Worker-33: Launching Executing clean in C__ExamSpringboot_BACKEND] INFO  o.eclipse.m2e.core.internal.Bundles - getClasspathEntries(Bundle=com.google.guava_33.3.1.jre [1028])
2025-10-24 16:31:34,587 [Worker-33: Launching Executing clean in C__ExamSpringboot_BACKEND] INFO  o.eclipse.m2e.core.internal.Bundles - 	Entry: C:\Users\hemac\.p2\pool\plugins\com.google.guava_33.3.1.jre.jar
2025-10-24 16:31:34,587 [Worker-33: Launching Executing clean in C__ExamSpringboot_BACKEND] INFO  o.eclipse.m2e.core.internal.Bundles - getClasspathEntries(Bundle=slf4j.api_2.0.16 [1007])
2025-10-24 16:31:34,588 [Worker-33: Launching Executing clean in C__ExamSpringboot_BACKEND] INFO  o.eclipse.m2e.core.internal.Bundles - 	Entry: C:\Users\hemac\.p2\pool\plugins\slf4j.api_2.0.16.jar
2025-10-24 16:31:34,588 [Worker-33: Launching Executing clean in C__ExamSpringboot_BACKEND] INFO  o.eclipse.m2e.core.internal.Bundles - getClasspathEntries(Bundle=jakarta.inject.jakarta.inject-api_1.0.5 [34])
2025-10-24 16:31:34,589 [Worker-33: Launching Executing clean in C__ExamSpringboot_BACKEND] INFO  o.eclipse.m2e.core.internal.Bundles - 	Entry: C:\Users\hemac\.p2\pool\plugins\jakarta.inject.jakarta.inject-api_1.0.5.jar
2025-10-24 16:31:34,589 [Worker-33: Launching Executing clean in C__ExamSpringboot_BACKEND] INFO  o.eclipse.m2e.core.internal.Bundles - getClasspathEntries(Bundle=jakarta.annotation-api_1.3.5 [29])
2025-10-24 16:31:34,592 [Worker-33: Launching Executing clean in C__ExamSpringboot_BACKEND] INFO  o.eclipse.m2e.core.internal.Bundles - 	Entry: C:\Users\hemac\.p2\pool\plugins\jakarta.annotation-api_1.3.5.jar
2025-10-24 16:31:34,592 [Worker-33: Launching Executing clean in C__ExamSpringboot_BACKEND] INFO  o.eclipse.m2e.core.internal.Bundles - getClasspathEntries(Bundle=org.apache.commons.cli_1.9.0 [78])
2025-10-24 16:31:34,593 [Worker-33: Launching Executing clean in C__ExamSpringboot_BACKEND] INFO  o.eclipse.m2e.core.internal.Bundles - 	Entry: C:\Users\hemac\.p2\pool\plugins\org.apache.commons.cli_1.9.0.jar
2025-10-24 16:31:34,594 [Worker-33: Launching Executing clean in C__ExamSpringboot_BACKEND] INFO  o.eclipse.m2e.core.internal.Bundles - getClasspathEntries(Bundle=org.apache.commons.commons-codec_1.16.0 [81])
2025-10-24 16:31:34,595 [Worker-33: Launching Executing clean in C__ExamSpringboot_BACKEND] INFO  o.eclipse.m2e.core.internal.Bundles - 	Entry: C:\Users\hemac\.p2\pool\plugins\org.apache.commons.commons-codec_1.16.0.jar
2025-10-24 16:31:34,595 [Worker-33: Launching Executing clean in C__ExamSpringboot_BACKEND] INFO  o.eclipse.m2e.core.internal.Bundles - getClasspathEntries(Bundle=com.google.guava.failureaccess_1.0.2 [17])
2025-10-24 16:31:34,596 [Worker-33: Launching Executing clean in C__ExamSpringboot_BACKEND] INFO  o.eclipse.m2e.core.internal.Bundles - 	Entry: C:\Users\hemac\.p2\pool\plugins\com.google.guava.failureaccess_1.0.2.jar
2025-10-24 16:31:34,605 [Worker-33: Launching Executing clean in C__ExamSpringboot_BACKEND] INFO  o.e.m.i.launch.MavenLaunchDelegate - Run build in "C:\ExamSpringboot\BACKEND":
2025-10-24 16:31:34,607 [Worker-33: Launching Executing clean in C__ExamSpringboot_BACKEND] INFO  o.e.m.i.launch.MavenLaunchDelegate -  mvn  -B -Dstyle.color=always clean
2025-10-24 16:31:40,445 [Worker-33: Building] INFO  o.a.m.s.f.DefaultMavenResourcesFiltering - Copying 1 resource from src\main\resources to target\classes
2025-10-24 16:31:40,452 [Worker-33: Building] INFO  o.a.m.s.f.DefaultMavenResourcesFiltering - Copying 0 resource from src\main\resources to target\classes
2025-10-24 16:31:40,459 [Worker-33: Building] INFO  o.a.m.s.f.DefaultMavenResourcesFiltering - skip non existing resourceDirectory C:\ExamSpringboot\BACKEND\src\test\resources
2025-10-24 16:31:40,459 [Worker-33: Building] INFO  o.e.m.w.i.f.ResourceFilteringBuildParticipant - Changed resources require a complete clean of filtered resources of BACKEND
2025-10-24 16:31:40,460 [Worker-33: Building] INFO  o.e.m.w.i.f.ResourceFilteringBuildParticipant - Executing resource filtering for BACKEND
